Building DAG of jobs...
Using shell: /bin/bash
Provided cores: 4
Rules claiming more threads will be scaled down.
Job stats:
job                         count
------------------------  -------
HIV_Isoform_Checker             1
all                             1
bam2gff                         1
bam2gff_clusters                1
cluster                         1
create_gff_ref                  1
gff_compare                     1
map_clusters                    1
map_fq                          1
mv_gff_ref                      1
polish                          1
ref_no_header                   1
rename_checker_files            1
rename_gff_compare_files        1
total                          14

Select jobs to execute...

[Fri Jun 14 20:59:07 2024]
rule ref_no_header:
    input: test_files/NL43.fa
    output: APHIX_bam2gff_cluster_test_isoform_analysis/1_mapped_reads/APHIX_bam2gff_cluster_test_ref_no_header.fa
    jobid: 11
    reason: Missing output files: APHIX_bam2gff_cluster_test_isoform_analysis/1_mapped_reads/APHIX_bam2gff_cluster_test_ref_no_header.fa; Code has changed since last execution
    resources: tmpdir=/tmp

[Fri Jun 14 20:59:07 2024]
Finished job 11.
1 of 14 steps (7%) done
Select jobs to execute...

[Fri Jun 14 20:59:07 2024]
rule map_fq:
    input: test_files/APHIX_test.fastq, APHIX_bam2gff_cluster_test_isoform_analysis/1_mapped_reads/APHIX_bam2gff_cluster_test_ref_no_header.fa
    output: APHIX_bam2gff_cluster_test_isoform_analysis/1_mapped_reads/APHIX_bam2gff_cluster_test.bam, APHIX_bam2gff_cluster_test_isoform_analysis/1_mapped_reads/APHIX_bam2gff_cluster_test.bam.bai
    jobid: 10
    reason: Missing output files: APHIX_bam2gff_cluster_test_isoform_analysis/1_mapped_reads/APHIX_bam2gff_cluster_test.bam; Input files updated by another job: APHIX_bam2gff_cluster_test_isoform_analysis/1_mapped_reads/APHIX_bam2gff_cluster_test_ref_no_header.fa
    wildcards: name=APHIX_bam2gff_cluster_test
    threads: 4
    resources: tmpdir=/tmp

[Fri Jun 14 20:59:10 2024]
Finished job 10.
2 of 14 steps (14%) done
Select jobs to execute...

[Fri Jun 14 20:59:10 2024]
rule bam2gff:
    input: APHIX_bam2gff_cluster_test_isoform_analysis/1_mapped_reads/APHIX_bam2gff_cluster_test.bam
    output: APHIX_bam2gff_cluster_test_isoform_analysis/2_GFF/APHIX_bam2gff_cluster_test.gff
    jobid: 9
    reason: Missing output files: APHIX_bam2gff_cluster_test_isoform_analysis/2_GFF/APHIX_bam2gff_cluster_test.gff; Input files updated by another job: APHIX_bam2gff_cluster_test_isoform_analysis/1_mapped_reads/APHIX_bam2gff_cluster_test.bam
    wildcards: name=APHIX_bam2gff_cluster_test
    resources: tmpdir=/tmp

[Fri Jun 14 20:59:10 2024]
Finished job 9.
3 of 14 steps (21%) done
Select jobs to execute...

[Fri Jun 14 20:59:10 2024]
rule cluster:
    input: APHIX_bam2gff_cluster_test_isoform_analysis/2_GFF/APHIX_bam2gff_cluster_test.gff
    output: APHIX_bam2gff_cluster_test_isoform_analysis/3_clustering/APHIX_bam2gff_cluster_test_clusters.tsv, APHIX_bam2gff_cluster_test_isoform_analysis/3_clustering/APHIX_bam2gff_cluster_test_cluster.gff
    jobid: 8
    reason: Missing output files: APHIX_bam2gff_cluster_test_isoform_analysis/3_clustering/APHIX_bam2gff_cluster_test_clusters.tsv; Input files updated by another job: APHIX_bam2gff_cluster_test_isoform_analysis/2_GFF/APHIX_bam2gff_cluster_test.gff
    wildcards: name=APHIX_bam2gff_cluster_test
    resources: tmpdir=/tmp

[Fri Jun 14 20:59:10 2024]
Error in rule cluster:
    jobid: 8
    input: APHIX_bam2gff_cluster_test_isoform_analysis/2_GFF/APHIX_bam2gff_cluster_test.gff
    output: APHIX_bam2gff_cluster_test_isoform_analysis/3_clustering/APHIX_bam2gff_cluster_test_clusters.tsv, APHIX_bam2gff_cluster_test_isoform_analysis/3_clustering/APHIX_bam2gff_cluster_test_cluster.gff
    shell:
        
        print -c 3 -d 5 -p 0 && cluster_gff -c 3 -d 5 -p 0 -a APHIX_bam2gff_cluster_test_isoform_analysis/3_clustering/APHIX_bam2gff_cluster_test_clusters.tsv APHIX_bam2gff_cluster_test_isoform_analysis/2_GFF/APHIX_bam2gff_cluster_test.gff > APHIX_bam2gff_cluster_test_isoform_analysis/3_clustering/APHIX_bam2gff_cluster_test_cluster.gff


        
        (one of the commands exited with non-zero exit code; note that snakemake uses bash strict mode!)

Shutting down, this might take some time.
Exiting because a job execution failed. Look above for error message
Complete log: .snakemake/log/2024-06-14T205907.573633.snakemake.log
